{
  "RSpec": {
    "coverage": {
      "/Users/Shaf/Documents/SaasCourse/hw4/rottenpotatoes/app/controllers/application_controller.rb": [
        1,
        1,
        null
      ],
      "/Users/Shaf/Documents/SaasCourse/hw4/rottenpotatoes/app/helpers/application_helper.rb": [
        1,
        null
      ],
      "/Users/Shaf/Documents/SaasCourse/hw4/rottenpotatoes/app/helpers/movies_helper.rb": [
        1,
        null,
        1,
        0,
        null,
        null,
        1,
        0,
        null,
        null
      ],
      "/Users/Shaf/Documents/SaasCourse/hw4/rottenpotatoes/app/controllers/movies_controller.rb": [
        1,
        null,
        1,
        1,
        1,
        null,
        null,
        null,
        1,
        3,
        3,
        null,
        1,
        null,
        0,
        null,
        3,
        3,
        null,
        3,
        1,
        1,
        1,
        null,
        null,
        2,
        1,
        1,
        1,
        1,
        null,
        1,
        null,
        null,
        1,
        2,
        2,
        null,
        2,
        1,
        null,
        1,
        1,
        null,
        null,
        null,
        1,
        null,
        null,
        null,
        1,
        1,
        1,
        1,
        null,
        null,
        1,
        1,
        null,
        null,
        1,
        1,
        1,
        1,
        1,
        null,
        null,
        1,
        1,
        1,
        1,
        1,
        null,
        null,
        null
      ],
      "/Users/Shaf/Documents/SaasCourse/hw4/rottenpotatoes/app/models/movie.rb": [
        1,
        1,
        4,
        null,
        null,
        1,
        3,
        null,
        null
      ]
    },
    "timestamp": 1341262888
  },
  "Cucumber Features": {
    "coverage": {
      "/Users/Shaf/Documents/SaasCourse/hw4/rottenpotatoes/app/controllers/application_controller.rb": [
        1,
        1,
        null
      ],
      "/Users/Shaf/Documents/SaasCourse/hw4/rottenpotatoes/app/helpers/application_helper.rb": [
        1,
        null
      ],
      "/Users/Shaf/Documents/SaasCourse/hw4/rottenpotatoes/app/helpers/movies_helper.rb": [
        1,
        null,
        1,
        0,
        null,
        null,
        1,
        3,
        null,
        null
      ],
      "/Users/Shaf/Documents/SaasCourse/hw4/rottenpotatoes/app/controllers/movies_controller.rb": [
        1,
        null,
        1,
        3,
        3,
        null,
        null,
        null,
        1,
        19,
        19,
        null,
        2,
        null,
        2,
        null,
        19,
        19,
        null,
        19,
        2,
        2,
        2,
        null,
        null,
        17,
        4,
        4,
        4,
        4,
        null,
        13,
        null,
        null,
        1,
        2,
        2,
        null,
        2,
        1,
        null,
        1,
        1,
        null,
        null,
        null,
        1,
        null,
        null,
        null,
        1,
        0,
        0,
        0,
        null,
        null,
        1,
        1,
        null,
        null,
        1,
        1,
        1,
        1,
        1,
        null,
        null,
        1,
        0,
        0,
        0,
        0,
        null,
        null,
        null
      ],
      "/Users/Shaf/Documents/SaasCourse/hw4/rottenpotatoes/app/models/movie.rb": [
        1,
        1,
        19,
        null,
        null,
        1,
        3,
        null,
        null
      ]
    },
    "timestamp": 1341262992
  }
}
